<?xml version="1.0" encoding="UTF-8"?>
<!-- Generated by org.testng.reporters.JUnitXMLReporter -->
<testsuite hostname="Bharath-Bhat" ignored="0" name="Command line test" tests="3" failures="0" timestamp="11 Aug 2018 12:06:36 GMT" time="41.677" errors="0">
  <testcase name="loginPageTestMethod" time="3.938" classname="com.selenium.testcases.LoginPageTest"/>
  <testcase name="registerPageTestMethod" time="0.542" classname="com.selenium.testcases.RegisterPageTest"/>
  <testcase name="registerPageTestMethod" time="0.801" classname="com.selenium.testcases.RegisterPageTest"/>
</testsuite> <!-- Command line test -->
