<?xml version="1.0" encoding="UTF-8"?>
<testng-results skipped="0" failed="0" ignored="0" total="1" passed="1">
  <reporter-output>
  </reporter-output>
  <suite name="Free CRM App Test Automation Suite" duration-ms="13571" started-at="2018-08-11T08:41:32Z" finished-at="2018-08-11T08:41:45Z">
    <groups>
    </groups>
    <test name="Free CRM App Test cases" duration-ms="13571" started-at="2018-08-11T08:41:32Z" finished-at="2018-08-11T08:41:45Z">
      <class name="com.selenium.testcases.LoginPageTest">
        <test-method status="PASS" signature="setup()[pri:0, instance:com.selenium.testcases.LoginPageTest@4883b407]" name="setup" is-config="true" duration-ms="8193" started-at="2018-08-11T14:11:32Z" finished-at="2018-08-11T14:11:40Z">
          <reporter-output>
          </reporter-output>
        </test-method> <!-- setup -->
        <test-method status="PASS" signature="loginPageTestMethod()[pri:0, instance:com.selenium.testcases.LoginPageTest@4883b407]" name="loginPageTestMethod" duration-ms="4644" started-at="2018-08-11T14:11:40Z" finished-at="2018-08-11T14:11:45Z">
          <reporter-output>
          </reporter-output>
        </test-method> <!-- loginPageTestMethod -->
        <test-method status="PASS" signature="tearDown()[pri:0, instance:com.selenium.testcases.LoginPageTest@4883b407]" name="tearDown" is-config="true" duration-ms="716" started-at="2018-08-11T14:11:45Z" finished-at="2018-08-11T14:11:45Z">
          <reporter-output>
          </reporter-output>
        </test-method> <!-- tearDown -->
      </class> <!-- com.selenium.testcases.LoginPageTest -->
    </test> <!-- Free CRM App Test cases -->
  </suite> <!-- Free CRM App Test Automation Suite -->
</testng-results>
